2025-10-02 19:01:08,784 - ERROR - API key/secret required. Provide via --api-key/--api-secret or env vars.
2025-10-02 19:04:10,275 - INFO - Placing order: {'symbol': 'BTCUSDT', 'side': 'BUY', 'type': 'MARKET', 'quantity': '0.001', 'recvWindow': 5000, 'timestamp': 1759412050828, 'signature': '9b474feffb7357f4f70947976d6bf496e592b6b9edc04f74c604617ba91002c8'}
2025-10-02 19:28:29,011 - INFO - Placing order: {'symbol': 'BTCUSDT', 'side': 'BUY', 'type': 'MARKET', 'quantity': '0.001', 'recvWindow': 5000, 'timestamp': 1759413509599, 'signature': 'a70388766d14e91cd54d011f31de2ed1296a7e23917dd2933ebfc8bb54c83aa3'}
2025-10-02 19:29:40,646 - INFO - Placing order: {'symbol': 'BTCUSDT', 'side': 'BUY', 'type': 'MARKET', 'quantity': '0.001', 'recvWindow': 5000, 'timestamp': 1759413581239, 'signature': '5866fc850d26755a0bd8de83e61b6eb1baebca01ec99af68e82e461466b0263a'}
2025-10-02 19:36:51,977 - INFO - Placing order: {'symbol': 'BTCUSDT', 'side': 'BUY', 'type': 'MARKET', 'quantity': '0.001', 'recvWindow': 5000, 'timestamp': 1759414012576, 'signature': 'ec17d83d5d05fed627c76d42de7afda0aac0946bc588c7f3741dbfc1f6f55e2c'}
2025-10-02 19:40:13,306 - INFO - Placing order: {'symbol': 'BTCUSDT', 'side': 'SELL', 'type': 'LIMIT', 'quantity': '0.001', 'price': '30000.0', 'timeInForce': 'GTC', 'recvWindow': 5000, 'timestamp': 1759414213908, 'signature': 'b87baab95cedb2162ae2fdf506ae0002658db2068bbb140a718ee5ba38be4654'}
2025-10-02 19:40:31,862 - INFO - Placing order: {'symbol': 'BTCUSDT', 'side': 'SELL', 'type': 'LIMIT', 'quantity': '0.001', 'price': '3000000.0', 'timeInForce': 'GTC', 'recvWindow': 5000, 'timestamp': 1759414232467, 'signature': '1272d0b7fd64b5847887f7f00afdf99835118cd1b71eb7c82b44cbec865cb4d0'}
2025-10-02 19:40:55,786 - INFO - Placing order: {'symbol': 'BTCUSDT', 'side': 'SELL', 'type': 'LIMIT', 'quantity': '0.001', 'price': '110000.0', 'timeInForce': 'GTC', 'recvWindow': 5000, 'timestamp': 1759414256390, 'signature': 'a063573c96ffa90791f819adf6c3d6b73fa9f2dc94456338c028c21ca6978f1b'}
2025-10-02 19:41:07,016 - INFO - Placing order: {'symbol': 'BTCUSDT', 'side': 'SELL', 'type': 'LIMIT', 'quantity': '0.001', 'price': '1100000.0', 'timeInForce': 'GTC', 'recvWindow': 5000, 'timestamp': 1759414267624, 'signature': '319af4e93ce4a90ece043345981047dcab1a8ffb3e140a1919c4d13994d6abd3'}
2025-10-02 19:41:53,298 - INFO - Placing order: {'symbol': 'BTCUSDT', 'side': 'SELL', 'type': 'LIMIT', 'quantity': '0.001', 'price': '113464.0', 'timeInForce': 'GTC', 'recvWindow': 5000, 'timestamp': 1759414313903, 'signature': 'a6065f94b8666ad6774fccd35dd84570a840a1049a3e603d2a94539835c0518d'}
2025-10-02 19:55:30,522 - INFO - Placing order: {'symbol': 'BTCUSDT', 'side': 'BUY', 'type': 'MARKET', 'quantity': '0.001', 'recvWindow': 5000, 'timestamp': 1759415131141, 'signature': '657e95994c63f5158f749d426a09a7aebf294c7e6e06b8e417ca48aa452bf966'}
2025-10-02 20:46:37,126 - INFO - Placing order: {'symbol': 'BTCUSDT', 'side': 'BUY', 'type': 'MARKET', 'quantity': '0.001', 'recvWindow': 5000, 'timestamp': 1759418197753, 'signature': '50eb00d287908aec49a4845cd92c1f873aa1ece0b82305227accf256daad8de8'}
2025-10-03 11:12:39,437 - INFO - Placing order: {'symbol': 'BTCUSDT', 'side': 'BUY', 'type': 'MARKET', 'quantity': '0.001', 'recvWindow': 5000, 'timestamp': 1759470160628, 'signature': 'fb12ef2c0c335819fd35afadbf28b964382502a9f617cabc69072492e61b9dc6'}
2025-10-03 11:20:32,419 - INFO - Placing order URL: https://testnet.binancefuture.com/fapi/v1/order?symbol=BTCUSDT&side=BUY&type=MARKET&quantity=0.001&recvWindow=5000&timestamp=1759470633617&signature=18cb9244d48314a918fdca243e18e3912d991498fa34c52512688b2dd9100092
2025-10-03 11:20:32,657 - DEBUG - HTTP 500 response: {"code":-1000,"msg":"An unknown error occurred while processing the request."}
2025-10-03 11:20:32,657 - ERROR - Order HTTP error: {'code': -1000, 'msg': 'An unknown error occurred while processing the request.'}
2025-10-03 11:22:59,063 - INFO - Placing order: {'symbol': 'BTCUSDT', 'side': 'BUY', 'type': 'MARKET', 'quantity': '0.001', 'recvWindow': 5000, 'timestamp': 1759470780267, 'signature': '2f70275b463868be605d0dcceac0dae690d97d47f8aca64333eb28123aebf87a'}
2025-10-03 11:24:22,034 - INFO - Placing order URL: https://testnet.binancefuture.com/fapi/v1/order?symbol=BTCUSDT&side=BUY&type=MARKET&quantity=0.001&recvWindow=5000&timestamp=1759470863246&signature=13a9610cb8af70d09fa42c72524ab4cc3c9455f54104d75bd12499b6c3a78e3a
2025-10-03 11:24:22,284 - DEBUG - HTTP 500 response: {"code":-1000,"msg":"An unknown error occurred while processing the request."}
2025-10-03 11:24:22,284 - ERROR - Order HTTP error: {'code': -1000, 'msg': 'An unknown error occurred while processing the request.'}
2025-10-03 11:25:55,036 - INFO - Placing order URL: https://testnet.binancefuture.com/fapi/v1/order?symbol=BTCUSDT&side=BUY&type=MARKET&quantity=0.001&recvWindow=5000&timestamp=1759470956244&signature=523aa8b8b853b413e3767c714636d4afaeb8c4a54c60fc1e0b93c48c0d253930
2025-10-03 11:25:55,274 - DEBUG - HTTP 500 response: {"code":-1000,"msg":"An unknown error occurred while processing the request."}
2025-10-03 11:25:55,274 - ERROR - Order HTTP error: {'code': -1000, 'msg': 'An unknown error occurred while processing the request.'}
2025-10-03 11:26:25,676 - INFO - Placing order URL: https://testnet.binancefuture.com/fapi/v1/order?symbol=BTCUSDT&side=BUY&type=MARKET&quantity=0.001&recvWindow=5000&timestamp=1759470986882&signature=ece543789922cbe4a1a542f61aab2439248f576017cd228de1d088619f30155d
2025-10-03 11:26:25,911 - DEBUG - HTTP 500 response: {"code":-1000,"msg":"An unknown error occurred while processing the request."}
2025-10-03 11:26:25,911 - ERROR - Order HTTP error: {'code': -1000, 'msg': 'An unknown error occurred while processing the request.'}
2025-10-03 11:27:21,308 - INFO - Placing order: {'symbol': 'BTCUSDT', 'side': 'BUY', 'type': 'MARKET', 'quantity': '0.001', 'recvWindow': 5000, 'timestamp': 1759471042518, 'signature': '41a0c7f8c3e0bf2b109ef0f50446e08dfe3055c692f11b860f23156e26df6274'}
